51207:C 16 Nov 01:41:02.071 # oO0OoO0OoO0Oo Redis is starting oO0OoO0OoO0Oo
51207:C 16 Nov 01:41:02.071 # Redis version=4.0.11, bits=64, commit=00000000, modified=0, pid=51207, just started
51207:C 16 Nov 01:41:02.071 # Warning: no config file specified, using the default config. In order to specify a config file use redis-server /path/to/redis.conf
51207:M 16 Nov 01:41:02.072 * Increased maximum number of open files to 10032 (it was originally set to 256).
51207:M 16 Nov 01:41:02.076 * Running mode=standalone, port=6379.
51207:M 16 Nov 01:41:02.076 # Server initialized
51207:M 16 Nov 01:41:02.076 * Ready to accept connections
54205:C 16 Nov 13:53:57.462 # oO0OoO0OoO0Oo Redis is starting oO0OoO0OoO0Oo
54205:C 16 Nov 13:53:57.463 # Redis version=4.0.11, bits=64, commit=00000000, modified=0, pid=54205, just started
54205:C 16 Nov 13:53:57.463 # Warning: no config file specified, using the default config. In order to specify a config file use redis-server /path/to/redis.conf
54205:M 16 Nov 13:53:57.465 * Increased maximum number of open files to 10032 (it was originally set to 256).
54205:M 16 Nov 13:53:57.465 # Creating Server TCP listening socket *:6379: bind: Address already in use
57930:C 16 Nov 17:10:30.470 # oO0OoO0OoO0Oo Redis is starting oO0OoO0OoO0Oo
57930:C 16 Nov 17:10:30.471 # Redis version=4.0.11, bits=64, commit=00000000, modified=0, pid=57930, just started
57930:C 16 Nov 17:10:30.471 # Warning: no config file specified, using the default config. In order to specify a config file use redis-server /path/to/redis.conf
57930:M 16 Nov 17:10:30.473 * Increased maximum number of open files to 10032 (it was originally set to 256).
57930:M 16 Nov 17:10:30.476 * Running mode=standalone, port=6379.
57930:M 16 Nov 17:10:30.476 # Server initialized
57930:M 16 Nov 17:10:30.476 * Ready to accept connections
26507:C 19 Nov 19:11:29.840 # oO0OoO0OoO0Oo Redis is starting oO0OoO0OoO0Oo
26507:C 19 Nov 19:11:29.841 # Redis version=4.0.11, bits=64, commit=00000000, modified=0, pid=26507, just started
26507:C 19 Nov 19:11:29.841 # Warning: no config file specified, using the default config. In order to specify a config file use redis-server /path/to/redis.conf
26507:M 19 Nov 19:11:29.842 * Increased maximum number of open files to 10032 (it was originally set to 256).
26507:M 19 Nov 19:11:29.843 * Running mode=standalone, port=6379.
26507:M 19 Nov 19:11:29.843 # Server initialized
26507:M 19 Nov 19:11:29.843 * Ready to accept connections
25449:C 22 Nov 11:59:27.691 # oO0OoO0OoO0Oo Redis is starting oO0OoO0OoO0Oo
25449:C 22 Nov 11:59:27.692 # Redis version=4.0.11, bits=64, commit=00000000, modified=0, pid=25449, just started
25449:C 22 Nov 11:59:27.692 # Warning: no config file specified, using the default config. In order to specify a config file use redis-server /path/to/redis.conf
25449:M 22 Nov 11:59:27.693 * Increased maximum number of open files to 10032 (it was originally set to 256).
25449:M 22 Nov 11:59:27.696 * Running mode=standalone, port=6379.
25449:M 22 Nov 11:59:27.696 # Server initialized
25449:M 22 Nov 11:59:27.696 * Ready to accept connections
37575:C 23 Nov 09:02:09.517 # oO0OoO0OoO0Oo Redis is starting oO0OoO0OoO0Oo
37575:C 23 Nov 09:02:09.518 # Redis version=4.0.11, bits=64, commit=00000000, modified=0, pid=37575, just started
37575:C 23 Nov 09:02:09.518 # Warning: no config file specified, using the default config. In order to specify a config file use redis-server /path/to/redis.conf
37575:M 23 Nov 09:02:09.520 * Increased maximum number of open files to 10032 (it was originally set to 256).
37575:M 23 Nov 09:02:09.524 * Running mode=standalone, port=6379.
37575:M 23 Nov 09:02:09.525 # Server initialized
37575:M 23 Nov 09:02:09.525 * Ready to accept connections
8539:C 07 Jan 13:45:45.704 # oO0OoO0OoO0Oo Redis is starting oO0OoO0OoO0Oo
8539:C 07 Jan 13:45:45.705 # Redis version=4.0.11, bits=64, commit=00000000, modified=0, pid=8539, just started
8539:C 07 Jan 13:45:45.705 # Warning: no config file specified, using the default config. In order to specify a config file use redis-server /path/to/redis.conf
8539:M 07 Jan 13:45:45.706 * Increased maximum number of open files to 10032 (it was originally set to 256).
8539:M 07 Jan 13:45:45.711 * Running mode=standalone, port=6379.
8539:M 07 Jan 13:45:45.711 # Server initialized
8539:M 07 Jan 13:45:45.711 * DB loaded from disk: 0.001 seconds
8539:M 07 Jan 13:45:45.711 * Ready to accept connections
2998:C 08 Feb 16:52:15.462 # oO0OoO0OoO0Oo Redis is starting oO0OoO0OoO0Oo
2998:C 08 Feb 16:52:15.463 # Redis version=4.0.11, bits=64, commit=00000000, modified=0, pid=2998, just started
2998:C 08 Feb 16:52:15.463 # Warning: no config file specified, using the default config. In order to specify a config file use redis-server /path/to/redis.conf
2998:M 08 Feb 16:52:15.464 * Increased maximum number of open files to 10032 (it was originally set to 256).
2998:M 08 Feb 16:52:15.469 * Running mode=standalone, port=6379.
2998:M 08 Feb 16:52:15.469 # Server initialized
2998:M 08 Feb 16:52:15.470 * DB loaded from disk: 0.001 seconds
2998:M 08 Feb 16:52:15.470 * Ready to accept connections
2998:signal-handler (1549702376) Received SIGTERM scheduling shutdown...
2998:M 09 Feb 00:52:56.999 # User requested shutdown...
2998:M 09 Feb 00:52:57.000 * Saving the final RDB snapshot before exiting.
2998:M 09 Feb 00:52:57.004 * DB saved on disk
2998:M 09 Feb 00:52:57.004 # Redis is now ready to exit, bye bye...
64734:C 25 Feb 18:34:42.427 # oO0OoO0OoO0Oo Redis is starting oO0OoO0OoO0Oo
64734:C 25 Feb 18:34:42.429 # Redis version=4.0.11, bits=64, commit=00000000, modified=0, pid=64734, just started
64734:C 25 Feb 18:34:42.429 # Warning: no config file specified, using the default config. In order to specify a config file use redis-server /path/to/redis.conf
64734:M 25 Feb 18:34:42.430 * Increased maximum number of open files to 10032 (it was originally set to 256).
64734:M 25 Feb 18:34:42.434 * Running mode=standalone, port=6379.
64734:M 25 Feb 18:34:42.434 # Server initialized
64734:M 25 Feb 18:34:42.434 * DB loaded from disk: 0.001 seconds
64734:M 25 Feb 18:34:42.434 * Ready to accept connections
